2019-09-24T09:09:34+00:00 CRITICAL Uncaught Error: Call to undefined method WC_Order::get_return_url() in W:\domains\wordpress\wp-content\plugins\Tarlan Payments\tarlan-pay.php:160
Stack trace:
#0 W:\domains\wordpress\wp-content\plugins\woocommerce\includes\class-wc-checkout.php(924): WC_Tarlan_Payments_Gateway->process_payment(206)
#1 W:\domains\wordpress\wp-content\plugins\woocommerce\includes\class-wc-checkout.php(1124): WC_Checkout->process_order_payment(206, 'tarlan_payments')
#2 W:\domains\wordpress\wp-content\plugins\woocommerce\includes\class-wc-ajax.php(462): WC_Checkout->process_checkout()
#3 W:\domains\wordpress\wp-includes\class-wp-hook.php(286): WC_AJAX::checkout('')
#4 W:\domains\wordpress\wp-includes\class-wp-hook.php(310): WP_Hook->apply_filters('', Array)
#5 W:\domains\wordpress\wp-includes\plugin.php(465): WP_Hook->do_action(Array)
#6 W:\domains\wordpress\wp-content\plugins\woocommerce\includes\class-wc-ajax.php(87): do_action('wc_ajax_checkou...')
#7 W:\domains\wordpress\wp-includes\class-wp-hook.php(286): WC_AJAX::do_wc_aja в W:\domains\wordpress\wp-content\plugins\Tarlan Payments\tarlan-pay.php на строке 160

2019-09-24T09:37:17+00:00 CRITICAL syntax error, unexpected ':', expecting ']' в W:\domains\wordpress\wp-content\plugins\Tarlan Payments\tarlan-pay.php на строке 132

2019-09-24T09:40:33+00:00 CRITICAL Uncaught Error: Call to undefined method WC_Order::get_return_url() in W:\domains\wordpress\wp-content\plugins\Tarlan Payments\tarlan-pay.php:160
Stack trace:
#0 W:\domains\wordpress\wp-content\plugins\woocommerce\includes\class-wc-checkout.php(924): WC_Tarlan_Payments_Gateway->process_payment(215)
#1 W:\domains\wordpress\wp-content\plugins\woocommerce\includes\class-wc-checkout.php(1124): WC_Checkout->process_order_payment(215, 'tarlan_payments')
#2 W:\domains\wordpress\wp-content\plugins\woocommerce\includes\class-wc-ajax.php(462): WC_Checkout->process_checkout()
#3 W:\domains\wordpress\wp-includes\class-wp-hook.php(286): WC_AJAX::checkout('')
#4 W:\domains\wordpress\wp-includes\class-wp-hook.php(310): WP_Hook->apply_filters('', Array)
#5 W:\domains\wordpress\wp-includes\plugin.php(465): WP_Hook->do_action(Array)
#6 W:\domains\wordpress\wp-content\plugins\woocommerce\includes\class-wc-ajax.php(87): do_action('wc_ajax_checkou...')
#7 W:\domains\wordpress\wp-includes\class-wp-hook.php(286): WC_AJAX::do_wc_aja в W:\domains\wordpress\wp-content\plugins\Tarlan Payments\tarlan-pay.php на строке 160

2019-09-24T11:12:56+00:00 CRITICAL Uncaught Error: Call to undefined method WC_Order::get_return_url() in W:\domains\wordpress\wp-content\plugins\Tarlan Payments\tarlan-pay.php:160
Stack trace:
#0 W:\domains\wordpress\wp-content\plugins\woocommerce\includes\class-wc-checkout.php(924): WC_Tarlan_Payments_Gateway->process_payment(218)
#1 W:\domains\wordpress\wp-content\plugins\woocommerce\includes\class-wc-checkout.php(1124): WC_Checkout->process_order_payment(218, 'tarlan_payments')
#2 W:\domains\wordpress\wp-content\plugins\woocommerce\includes\class-wc-ajax.php(462): WC_Checkout->process_checkout()
#3 W:\domains\wordpress\wp-includes\class-wp-hook.php(286): WC_AJAX::checkout('')
#4 W:\domains\wordpress\wp-includes\class-wp-hook.php(310): WP_Hook->apply_filters('', Array)
#5 W:\domains\wordpress\wp-includes\plugin.php(465): WP_Hook->do_action(Array)
#6 W:\domains\wordpress\wp-content\plugins\woocommerce\includes\class-wc-ajax.php(87): do_action('wc_ajax_checkou...')
#7 W:\domains\wordpress\wp-includes\class-wp-hook.php(286): WC_AJAX::do_wc_aja в W:\domains\wordpress\wp-content\plugins\Tarlan Payments\tarlan-pay.php на строке 160

2019-09-24T11:13:56+00:00 CRITICAL Uncaught Error: Call to undefined method WC_Order::get_return_url() in W:\domains\wordpress\wp-content\plugins\Tarlan Payments\tarlan-pay.php:162
Stack trace:
#0 W:\domains\wordpress\wp-content\plugins\woocommerce\includes\class-wc-checkout.php(924): WC_Tarlan_Payments_Gateway->process_payment(219)
#1 W:\domains\wordpress\wp-content\plugins\woocommerce\includes\class-wc-checkout.php(1124): WC_Checkout->process_order_payment(219, 'tarlan_payments')
#2 W:\domains\wordpress\wp-content\plugins\woocommerce\includes\class-wc-ajax.php(462): WC_Checkout->process_checkout()
#3 W:\domains\wordpress\wp-includes\class-wp-hook.php(286): WC_AJAX::checkout('')
#4 W:\domains\wordpress\wp-includes\class-wp-hook.php(310): WP_Hook->apply_filters('', Array)
#5 W:\domains\wordpress\wp-includes\plugin.php(465): WP_Hook->do_action(Array)
#6 W:\domains\wordpress\wp-content\plugins\woocommerce\includes\class-wc-ajax.php(87): do_action('wc_ajax_checkou...')
#7 W:\domains\wordpress\wp-includes\class-wp-hook.php(286): WC_AJAX::do_wc_aja в W:\domains\wordpress\wp-content\plugins\Tarlan Payments\tarlan-pay.php на строке 162

2019-09-24T11:40:43+00:00 CRITICAL syntax error, unexpected 'add_action' (T_STRING) в W:\domains\wordpress\wp-content\plugins\Tarlan Payments\tarlan-pay.php на строке 24

2019-09-24T11:57:30+00:00 CRITICAL Uncaught Error: Call to undefined method WC_Order::get_order_total() in W:\domains\wordpress\wp-content\plugins\Tarlan Payments\tarlan-pay.php:136
Stack trace:
#0 W:\domains\wordpress\wp-content\plugins\woocommerce\includes\class-wc-checkout.php(924): WC_Tarlan_Payments_Gateway->process_payment(239)
#1 W:\domains\wordpress\wp-content\plugins\woocommerce\includes\class-wc-checkout.php(1124): WC_Checkout->process_order_payment(239, 'tarlan_payments')
#2 W:\domains\wordpress\wp-content\plugins\woocommerce\includes\class-wc-ajax.php(462): WC_Checkout->process_checkout()
#3 W:\domains\wordpress\wp-includes\class-wp-hook.php(286): WC_AJAX::checkout('')
#4 W:\domains\wordpress\wp-includes\class-wp-hook.php(310): WP_Hook->apply_filters('', Array)
#5 W:\domains\wordpress\wp-includes\plugin.php(465): WP_Hook->do_action(Array)
#6 W:\domains\wordpress\wp-content\plugins\woocommerce\includes\class-wc-ajax.php(87): do_action('wc_ajax_checkou...')
#7 W:\domains\wordpress\wp-includes\class-wp-hook.php(286): WC_AJAX::do_wc_aj в W:\domains\wordpress\wp-content\plugins\Tarlan Payments\tarlan-pay.php на строке 136

2019-09-24T12:33:07+00:00 CRITICAL Uncaught Error: Call to a member function get_checkout_order_received_url() on array in W:\domains\wordpress\wp-content\plugins\woocommerce\includes\abstracts\abstract-wc-payment-gateway.php:217
Stack trace:
#0 W:\domains\wordpress\wp-content\plugins\Tarlan Payments\tarlan-pay.php(168): WC_Payment_Gateway->get_return_url(Array)
#1 W:\domains\wordpress\wp-content\plugins\woocommerce\includes\class-wc-checkout.php(924): WC_Tarlan_Payments_Gateway->process_payment(251)
#2 W:\domains\wordpress\wp-content\plugins\woocommerce\includes\class-wc-checkout.php(1124): WC_Checkout->process_order_payment(251, 'tarlan_payments')
#3 W:\domains\wordpress\wp-content\plugins\woocommerce\includes\class-wc-ajax.php(462): WC_Checkout->process_checkout()
#4 W:\domains\wordpress\wp-includes\class-wp-hook.php(286): WC_AJAX::checkout('')
#5 W:\domains\wordpress\wp-includes\class-wp-hook.php(310): WP_Hook->apply_filters('', Array)
#6 W:\domains\wordpress\wp-includes\plugin.php(465): WP_Hook->do_action(Array)
#7 W:\domains\wordpress\wp в W:\domains\wordpress\wp-content\plugins\woocommerce\includes\abstracts\abstract-wc-payment-gateway.php на строке 217

