2019-09-23T06:01:00+00:00 CRITICAL syntax error, unexpected 'echo' (T_ECHO), expecting function (T_FUNCTION) or const (T_CONST) в W:\domains\wordpress\wp-content\plugins\Tarlan Payments\tarlan-pay.php на строке 125

2019-09-23T06:06:01+00:00 CRITICAL syntax error, unexpected 'var_dump' (T_STRING), expecting function (T_FUNCTION) or const (T_CONST) в W:\domains\wordpress\wp-content\plugins\Tarlan Payments\tarlan-pay.php на строке 144

2019-09-23T06:10:32+00:00 CRITICAL syntax error, unexpected '}', expecting ';' в W:\domains\wordpress\wp-content\plugins\Tarlan Payments\tarlan-pay.php на строке 136

2019-09-23T06:10:37+00:00 CRITICAL syntax error, unexpected '}', expecting ';' в W:\domains\wordpress\wp-content\plugins\Tarlan Payments\tarlan-pay.php на строке 136

2019-09-23T06:36:55+00:00 CRITICAL syntax error, unexpected '<' в W:\domains\wordpress\wp-content\plugins\Tarlan Payments\tarlan-pay.php на строке 131

2019-09-23T06:37:07+00:00 CRITICAL syntax error, unexpected '<' в W:\domains\wordpress\wp-content\plugins\Tarlan Payments\tarlan-pay.php на строке 131

2019-09-23T09:19:42+00:00 CRITICAL Uncaught Error: Call to a member function get() on null in W:\domains\wordpress\wp-content\plugins\Tarlan Payments\tarlan-pay.php:22
Stack trace:
#0 W:\domains\wordpress\wp-content\plugins\woocommerce\includes\class-wc-payment-gateways.php(94): WC_Tarlan_Payments_Gateway->__construct()
#1 W:\domains\wordpress\wp-content\plugins\woocommerce\includes\class-wc-payment-gateways.php(70): WC_Payment_Gateways->init()
#2 W:\domains\wordpress\wp-content\plugins\woocommerce\includes\class-wc-payment-gateways.php(43): WC_Payment_Gateways->__construct()
#3 W:\domains\wordpress\wp-content\plugins\woocommerce\includes\class-woocommerce.php(817): WC_Payment_Gateways::instance()
#4 W:\domains\wordpress\wp-content\plugins\woocommerce\includes\admin\class-wc-admin-menus.php(91): WooCommerce->payment_gateways()
#5 W:\domains\wordpress\wp-includes\class-wp-hook.php(286): WC_Admin_Menus->settings_page_init('')
#6 W:\domains\wordpress\wp-includes\class-wp-hook.php(310): WP_Hook->apply_filters('', Array)
#7 W:\domains\wordpress\wp- в W:\domains\wordpress\wp-content\plugins\Tarlan Payments\tarlan-pay.php на строке 22

2019-09-23T09:19:53+00:00 CRITICAL syntax error, unexpected '->' (T_OBJECT_OPERATOR) в W:\domains\wordpress\wp-content\plugins\Tarlan Payments\tarlan-pay.php на строке 22

2019-09-23T09:20:05+00:00 CRITICAL Uncaught Error: Call to undefined function config_get() in W:\domains\wordpress\wp-content\plugins\Tarlan Payments\tarlan-pay.php:22
Stack trace:
#0 W:\domains\wordpress\wp-content\plugins\woocommerce\includes\class-wc-payment-gateways.php(94): WC_Tarlan_Payments_Gateway->__construct()
#1 W:\domains\wordpress\wp-content\plugins\woocommerce\includes\class-wc-payment-gateways.php(70): WC_Payment_Gateways->init()
#2 W:\domains\wordpress\wp-content\plugins\woocommerce\includes\class-wc-payment-gateways.php(43): WC_Payment_Gateways->__construct()
#3 W:\domains\wordpress\wp-content\plugins\woocommerce\includes\class-woocommerce.php(817): WC_Payment_Gateways::instance()
#4 W:\domains\wordpress\wp-content\plugins\woocommerce\includes\admin\class-wc-admin-menus.php(91): WooCommerce->payment_gateways()
#5 W:\domains\wordpress\wp-includes\class-wp-hook.php(286): WC_Admin_Menus->settings_page_init('')
#6 W:\domains\wordpress\wp-includes\class-wp-hook.php(310): WP_Hook->apply_filters('', Array)
#7 W:\domains\wordpress\wp- в W:\domains\wordpress\wp-content\plugins\Tarlan Payments\tarlan-pay.php на строке 22

2019-09-23T09:41:44+00:00 CRITICAL syntax error, unexpected ';', expecting ')' в W:\domains\wordpress\wp-content\plugins\Tarlan Payments\tarlan-pay.php на строке 142

2019-09-23T09:41:45+00:00 CRITICAL syntax error, unexpected ';', expecting ')' в W:\domains\wordpress\wp-content\plugins\Tarlan Payments\tarlan-pay.php на строке 142

2019-09-23T09:58:08+00:00 CRITICAL syntax error, unexpected ';', expecting ')' в W:\domains\wordpress\wp-content\plugins\Tarlan Payments\tarlan-pay.php на строке 153

2019-09-23T09:58:22+00:00 CRITICAL syntax error, unexpected ';', expecting ')' в W:\domains\wordpress\wp-content\plugins\Tarlan Payments\tarlan-pay.php на строке 153

2019-09-23T09:58:45+00:00 CRITICAL syntax error, unexpected ')' в W:\domains\wordpress\wp-content\plugins\Tarlan Payments\tarlan-pay.php на строке 152

2019-09-23T09:59:51+00:00 CRITICAL syntax error, unexpected ')' в W:\domains\wordpress\wp-content\plugins\Tarlan Payments\tarlan-pay.php на строке 152

2019-09-23T10:05:35+00:00 CRITICAL syntax error, unexpected '$tarlan_response' (T_VARIABLE) в W:\domains\wordpress\wp-content\plugins\Tarlan Payments\tarlan-pay.php на строке 150

2019-09-23T10:05:51+00:00 CRITICAL syntax error, unexpected '$tarlan_response' (T_VARIABLE) в W:\domains\wordpress\wp-content\plugins\Tarlan Payments\tarlan-pay.php на строке 150

2019-09-23T10:06:03+00:00 CRITICAL syntax error, unexpected '$response' (T_VARIABLE) в W:\domains\wordpress\wp-content\plugins\Tarlan Payments\tarlan-pay.php на строке 150

2019-09-23T10:06:15+00:00 CRITICAL syntax error, unexpected 'return' (T_RETURN) в W:\domains\wordpress\wp-content\plugins\Tarlan Payments\tarlan-pay.php на строке 150

2019-09-23T10:56:52+00:00 CRITICAL syntax error, unexpected '$order' (T_VARIABLE) в W:\domains\wordpress\wp-content\plugins\Tarlan Payments\tarlan-pay.php на строке 134

2019-09-23T11:18:56+00:00 CRITICAL syntax error, unexpected ';', expecting ']' в W:\domains\wordpress\wp-content\plugins\Tarlan Payments\tarlan-pay.php на строке 131

2019-09-23T11:19:20+00:00 CRITICAL syntax error, unexpected 'HTTP_HOST' (T_STRING), expecting ']' в W:\domains\wordpress\wp-content\plugins\Tarlan Payments\tarlan-pay.php на строке 133

2019-09-23T11:27:43+00:00 CRITICAL syntax error, unexpected ';', expecting ')' в W:\domains\wordpress\wp-content\plugins\Tarlan Payments\tarlan-pay.php на строке 165

2019-09-23T12:09:44+00:00 CRITICAL Uncaught Error: Call to undefined method WC_Order::get_price() in W:\domains\wordpress\wp-content\plugins\Tarlan Payments\tarlan-pay.php:135
Stack trace:
#0 W:\domains\wordpress\wp-content\plugins\woocommerce\includes\class-wc-checkout.php(924): WC_Tarlan_Payments_Gateway->process_payment(191)
#1 W:\domains\wordpress\wp-content\plugins\woocommerce\includes\class-wc-checkout.php(1124): WC_Checkout->process_order_payment(191, 'tarlan_payments')
#2 W:\domains\wordpress\wp-content\plugins\woocommerce\includes\class-wc-ajax.php(462): WC_Checkout->process_checkout()
#3 W:\domains\wordpress\wp-includes\class-wp-hook.php(286): WC_AJAX::checkout('')
#4 W:\domains\wordpress\wp-includes\class-wp-hook.php(310): WP_Hook->apply_filters('', Array)
#5 W:\domains\wordpress\wp-includes\plugin.php(465): WP_Hook->do_action(Array)
#6 W:\domains\wordpress\wp-content\plugins\woocommerce\includes\class-wc-ajax.php(87): do_action('wc_ajax_checkou...')
#7 W:\domains\wordpress\wp-includes\class-wp-hook.php(286): WC_AJAX::do_wc_ajax('') в W:\domains\wordpress\wp-content\plugins\Tarlan Payments\tarlan-pay.php на строке 135

2019-09-23T12:14:45+00:00 CRITICAL Uncaught Error: Call to undefined method WC_Order::get_price() in W:\domains\wordpress\wp-content\plugins\Tarlan Payments\tarlan-pay.php:135
Stack trace:
#0 W:\domains\wordpress\wp-content\plugins\woocommerce\includes\class-wc-checkout.php(924): WC_Tarlan_Payments_Gateway->process_payment(191)
#1 W:\domains\wordpress\wp-content\plugins\woocommerce\includes\class-wc-checkout.php(1124): WC_Checkout->process_order_payment(191, 'tarlan_payments')
#2 W:\domains\wordpress\wp-content\plugins\woocommerce\includes\class-wc-ajax.php(462): WC_Checkout->process_checkout()
#3 W:\domains\wordpress\wp-includes\class-wp-hook.php(286): WC_AJAX::checkout('')
#4 W:\domains\wordpress\wp-includes\class-wp-hook.php(310): WP_Hook->apply_filters('', Array)
#5 W:\domains\wordpress\wp-includes\plugin.php(465): WP_Hook->do_action(Array)
#6 W:\domains\wordpress\wp-content\plugins\woocommerce\includes\class-wc-ajax.php(87): do_action('wc_ajax_checkou...')
#7 W:\domains\wordpress\wp-includes\class-wp-hook.php(286): WC_AJAX::do_wc_ajax('') в W:\domains\wordpress\wp-content\plugins\Tarlan Payments\tarlan-pay.php на строке 135

2019-09-23T12:15:28+00:00 CRITICAL Uncaught Error: Call to undefined method WC_Order::get_asd() in W:\domains\wordpress\wp-content\plugins\Tarlan Payments\tarlan-pay.php:135
Stack trace:
#0 W:\domains\wordpress\wp-content\plugins\woocommerce\includes\class-wc-checkout.php(924): WC_Tarlan_Payments_Gateway->process_payment(192)
#1 W:\domains\wordpress\wp-content\plugins\woocommerce\includes\class-wc-checkout.php(1124): WC_Checkout->process_order_payment(192, 'tarlan_payments')
#2 W:\domains\wordpress\wp-content\plugins\woocommerce\includes\class-wc-ajax.php(462): WC_Checkout->process_checkout()
#3 W:\domains\wordpress\wp-includes\class-wp-hook.php(286): WC_AJAX::checkout('')
#4 W:\domains\wordpress\wp-includes\class-wp-hook.php(310): WP_Hook->apply_filters('', Array)
#5 W:\domains\wordpress\wp-includes\plugin.php(465): WP_Hook->do_action(Array)
#6 W:\domains\wordpress\wp-content\plugins\woocommerce\includes\class-wc-ajax.php(87): do_action('wc_ajax_checkou...')
#7 W:\domains\wordpress\wp-includes\class-wp-hook.php(286): WC_AJAX::do_wc_ajax('')
# в W:\domains\wordpress\wp-content\plugins\Tarlan Payments\tarlan-pay.php на строке 135

2019-09-23T12:15:39+00:00 CRITICAL Uncaught Error: Call to undefined method WC_Order::get_price() in W:\domains\wordpress\wp-content\plugins\Tarlan Payments\tarlan-pay.php:135
Stack trace:
#0 W:\domains\wordpress\wp-content\plugins\woocommerce\includes\class-wc-checkout.php(924): WC_Tarlan_Payments_Gateway->process_payment(192)
#1 W:\domains\wordpress\wp-content\plugins\woocommerce\includes\class-wc-checkout.php(1124): WC_Checkout->process_order_payment(192, 'tarlan_payments')
#2 W:\domains\wordpress\wp-content\plugins\woocommerce\includes\class-wc-ajax.php(462): WC_Checkout->process_checkout()
#3 W:\domains\wordpress\wp-includes\class-wp-hook.php(286): WC_AJAX::checkout('')
#4 W:\domains\wordpress\wp-includes\class-wp-hook.php(310): WP_Hook->apply_filters('', Array)
#5 W:\domains\wordpress\wp-includes\plugin.php(465): WP_Hook->do_action(Array)
#6 W:\domains\wordpress\wp-content\plugins\woocommerce\includes\class-wc-ajax.php(87): do_action('wc_ajax_checkou...')
#7 W:\domains\wordpress\wp-includes\class-wp-hook.php(286): WC_AJAX::do_wc_ajax('') в W:\domains\wordpress\wp-content\plugins\Tarlan Payments\tarlan-pay.php на строке 135

2019-09-23T12:18:08+00:00 CRITICAL Uncaught Error: Cannot use object of type WC_Order as array in W:\domains\wordpress\wp-content\plugins\Tarlan Payments\tarlan-pay.php:135
Stack trace:
#0 W:\domains\wordpress\wp-content\plugins\woocommerce\includes\class-wc-checkout.php(924): WC_Tarlan_Payments_Gateway->process_payment(192)
#1 W:\domains\wordpress\wp-content\plugins\woocommerce\includes\class-wc-checkout.php(1124): WC_Checkout->process_order_payment(192, 'tarlan_payments')
#2 W:\domains\wordpress\wp-content\plugins\woocommerce\includes\class-wc-ajax.php(462): WC_Checkout->process_checkout()
#3 W:\domains\wordpress\wp-includes\class-wp-hook.php(286): WC_AJAX::checkout('')
#4 W:\domains\wordpress\wp-includes\class-wp-hook.php(310): WP_Hook->apply_filters('', Array)
#5 W:\domains\wordpress\wp-includes\plugin.php(465): WP_Hook->do_action(Array)
#6 W:\domains\wordpress\wp-content\plugins\woocommerce\includes\class-wc-ajax.php(87): do_action('wc_ajax_checkou...')
#7 W:\domains\wordpress\wp-includes\class-wp-hook.php(286): WC_AJAX::do_wc_ajax('')
#8 в W:\domains\wordpress\wp-content\plugins\Tarlan Payments\tarlan-pay.php на строке 135

2019-09-23T12:23:16+00:00 CRITICAL Uncaught Error: Call to undefined method WC_Order::get_price() in W:\domains\wordpress\wp-content\plugins\Tarlan Payments\tarlan-pay.php:135
Stack trace:
#0 W:\domains\wordpress\wp-content\plugins\woocommerce\includes\class-wc-checkout.php(924): WC_Tarlan_Payments_Gateway->process_payment(192)
#1 W:\domains\wordpress\wp-content\plugins\woocommerce\includes\class-wc-checkout.php(1124): WC_Checkout->process_order_payment(192, 'tarlan_payments')
#2 W:\domains\wordpress\wp-content\plugins\woocommerce\includes\class-wc-ajax.php(462): WC_Checkout->process_checkout()
#3 W:\domains\wordpress\wp-includes\class-wp-hook.php(286): WC_AJAX::checkout('')
#4 W:\domains\wordpress\wp-includes\class-wp-hook.php(310): WP_Hook->apply_filters('', Array)
#5 W:\domains\wordpress\wp-includes\plugin.php(465): WP_Hook->do_action(Array)
#6 W:\domains\wordpress\wp-content\plugins\woocommerce\includes\class-wc-ajax.php(87): do_action('wc_ajax_checkou...')
#7 W:\domains\wordpress\wp-includes\class-wp-hook.php(286): WC_AJAX::do_wc_ajax('') в W:\domains\wordpress\wp-content\plugins\Tarlan Payments\tarlan-pay.php на строке 135

2019-09-23T12:23:43+00:00 CRITICAL Uncaught Error: Call to undefined method WC_Order::get_price() in W:\domains\wordpress\wp-content\plugins\Tarlan Payments\tarlan-pay.php:135
Stack trace:
#0 W:\domains\wordpress\wp-content\plugins\woocommerce\includes\class-wc-checkout.php(924): WC_Tarlan_Payments_Gateway->process_payment(192)
#1 W:\domains\wordpress\wp-content\plugins\woocommerce\includes\class-wc-checkout.php(1124): WC_Checkout->process_order_payment(192, 'tarlan_payments')
#2 W:\domains\wordpress\wp-content\plugins\woocommerce\includes\class-wc-ajax.php(462): WC_Checkout->process_checkout()
#3 W:\domains\wordpress\wp-includes\class-wp-hook.php(286): WC_AJAX::checkout('')
#4 W:\domains\wordpress\wp-includes\class-wp-hook.php(310): WP_Hook->apply_filters('', Array)
#5 W:\domains\wordpress\wp-includes\plugin.php(465): WP_Hook->do_action(Array)
#6 W:\domains\wordpress\wp-content\plugins\woocommerce\includes\class-wc-ajax.php(87): do_action('wc_ajax_checkou...')
#7 W:\domains\wordpress\wp-includes\class-wp-hook.php(286): WC_AJAX::do_wc_ajax('') в W:\domains\wordpress\wp-content\plugins\Tarlan Payments\tarlan-pay.php на строке 135

2019-09-23T12:23:53+00:00 CRITICAL Uncaught Error: Call to undefined method WC_Order::get_price() in W:\domains\wordpress\wp-content\plugins\Tarlan Payments\tarlan-pay.php:135
Stack trace:
#0 W:\domains\wordpress\wp-content\plugins\woocommerce\includes\class-wc-checkout.php(924): WC_Tarlan_Payments_Gateway->process_payment(192)
#1 W:\domains\wordpress\wp-content\plugins\woocommerce\includes\class-wc-checkout.php(1124): WC_Checkout->process_order_payment(192, 'tarlan_payments')
#2 W:\domains\wordpress\wp-content\plugins\woocommerce\includes\class-wc-ajax.php(462): WC_Checkout->process_checkout()
#3 W:\domains\wordpress\wp-includes\class-wp-hook.php(286): WC_AJAX::checkout('')
#4 W:\domains\wordpress\wp-includes\class-wp-hook.php(310): WP_Hook->apply_filters('', Array)
#5 W:\domains\wordpress\wp-includes\plugin.php(465): WP_Hook->do_action(Array)
#6 W:\domains\wordpress\wp-content\plugins\woocommerce\includes\class-wc-ajax.php(87): do_action('wc_ajax_checkou...')
#7 W:\domains\wordpress\wp-includes\class-wp-hook.php(286): WC_AJAX::do_wc_ajax('') в W:\domains\wordpress\wp-content\plugins\Tarlan Payments\tarlan-pay.php на строке 135

