2019-09-27T11:11:50+00:00 CRITICAL syntax error, unexpected '}' в W:\domains\wordpress\wp-content\plugins\Tarlan Payments\tarlan-pay.php на строке 182

2019-09-27T11:12:11+00:00 CRITICAL syntax error, unexpected '}' в W:\domains\wordpress\wp-content\plugins\Tarlan Payments\tarlan-pay.php на строке 182

2019-09-27T11:12:28+00:00 CRITICAL Cannot use isset() on the result of an expression (you can use "null !== expression" instead) в W:\domains\wordpress\wp-content\plugins\Tarlan Payments\tarlan-pay.php на строке 175

2019-09-27T11:12:50+00:00 CRITICAL Cannot use isset() on the result of an expression (you can use "null !== expression" instead) в W:\domains\wordpress\wp-content\plugins\Tarlan Payments\tarlan-pay.php на строке 175

2019-09-27T11:13:23+00:00 CRITICAL Uncaught Error: Call to undefined function callback() in W:\domains\wordpress\wp-content\plugins\Tarlan Payments\tarlan-pay.php:135
Stack trace:
#0 W:\domains\wordpress\wp-content\plugins\woocommerce\includes\class-wc-checkout.php(924): WC_Tarlan_Payments_Gateway->process_payment(280)
#1 W:\domains\wordpress\wp-content\plugins\woocommerce\includes\class-wc-checkout.php(1124): WC_Checkout->process_order_payment(280, 'tarlan_payments')
#2 W:\domains\wordpress\wp-content\plugins\woocommerce\includes\class-wc-ajax.php(462): WC_Checkout->process_checkout()
#3 W:\domains\wordpress\wp-includes\class-wp-hook.php(286): WC_AJAX::checkout('')
#4 W:\domains\wordpress\wp-includes\class-wp-hook.php(310): WP_Hook->apply_filters('', Array)
#5 W:\domains\wordpress\wp-includes\plugin.php(465): WP_Hook->do_action(Array)
#6 W:\domains\wordpress\wp-content\plugins\woocommerce\includes\class-wc-ajax.php(87): do_action('wc_ajax_checkou...')
#7 W:\domains\wordpress\wp-includes\class-wp-hook.php(286): WC_AJAX::do_wc_ajax('')
#8 W:\do в W:\domains\wordpress\wp-content\plugins\Tarlan Payments\tarlan-pay.php на строке 135

2019-09-27T11:13:34+00:00 CRITICAL Uncaught Error: Call to undefined function callback() in W:\domains\wordpress\wp-content\plugins\Tarlan Payments\tarlan-pay.php:135
Stack trace:
#0 W:\domains\wordpress\wp-content\plugins\woocommerce\includes\class-wc-checkout.php(924): WC_Tarlan_Payments_Gateway->process_payment(280)
#1 W:\domains\wordpress\wp-content\plugins\woocommerce\includes\class-wc-checkout.php(1124): WC_Checkout->process_order_payment(280, 'tarlan_payments')
#2 W:\domains\wordpress\wp-content\plugins\woocommerce\includes\class-wc-ajax.php(462): WC_Checkout->process_checkout()
#3 W:\domains\wordpress\wp-includes\class-wp-hook.php(286): WC_AJAX::checkout('')
#4 W:\domains\wordpress\wp-includes\class-wp-hook.php(310): WP_Hook->apply_filters('', Array)
#5 W:\domains\wordpress\wp-includes\plugin.php(465): WP_Hook->do_action(Array)
#6 W:\domains\wordpress\wp-content\plugins\woocommerce\includes\class-wc-ajax.php(87): do_action('wc_ajax_checkou...')
#7 W:\domains\wordpress\wp-includes\class-wp-hook.php(286): WC_AJAX::do_wc_ajax('')
#8 W:\do в W:\domains\wordpress\wp-content\plugins\Tarlan Payments\tarlan-pay.php на строке 135

2019-09-27T11:13:52+00:00 CRITICAL syntax error, unexpected '{' в W:\domains\wordpress\wp-content\plugins\Tarlan Payments\tarlan-pay.php на строке 175

2019-09-27T11:14:44+00:00 CRITICAL syntax error, unexpected '{' в W:\domains\wordpress\wp-content\plugins\Tarlan Payments\tarlan-pay.php на строке 175

2019-09-27T11:14:50+00:00 CRITICAL syntax error, unexpected '{' в W:\domains\wordpress\wp-content\plugins\Tarlan Payments\tarlan-pay.php на строке 175

2019-09-27T11:15:11+00:00 CRITICAL Uncaught Error: Call to undefined function callback() in W:\domains\wordpress\wp-content\plugins\Tarlan Payments\tarlan-pay.php:135
Stack trace:
#0 W:\domains\wordpress\wp-content\plugins\woocommerce\includes\class-wc-checkout.php(924): WC_Tarlan_Payments_Gateway->process_payment(280)
#1 W:\domains\wordpress\wp-content\plugins\woocommerce\includes\class-wc-checkout.php(1124): WC_Checkout->process_order_payment(280, 'tarlan_payments')
#2 W:\domains\wordpress\wp-content\plugins\woocommerce\includes\class-wc-ajax.php(462): WC_Checkout->process_checkout()
#3 W:\domains\wordpress\wp-includes\class-wp-hook.php(286): WC_AJAX::checkout('')
#4 W:\domains\wordpress\wp-includes\class-wp-hook.php(310): WP_Hook->apply_filters('', Array)
#5 W:\domains\wordpress\wp-includes\plugin.php(465): WP_Hook->do_action(Array)
#6 W:\domains\wordpress\wp-content\plugins\woocommerce\includes\class-wc-ajax.php(87): do_action('wc_ajax_checkou...')
#7 W:\domains\wordpress\wp-includes\class-wp-hook.php(286): WC_AJAX::do_wc_ajax('')
#8 W:\do в W:\domains\wordpress\wp-content\plugins\Tarlan Payments\tarlan-pay.php на строке 135

2019-09-27T11:15:23+00:00 CRITICAL Uncaught Error: Call to undefined function callback() in W:\domains\wordpress\wp-content\plugins\Tarlan Payments\tarlan-pay.php:135
Stack trace:
#0 W:\domains\wordpress\wp-content\plugins\woocommerce\includes\class-wc-checkout.php(924): WC_Tarlan_Payments_Gateway->process_payment(280)
#1 W:\domains\wordpress\wp-content\plugins\woocommerce\includes\class-wc-checkout.php(1124): WC_Checkout->process_order_payment(280, 'tarlan_payments')
#2 W:\domains\wordpress\wp-content\plugins\woocommerce\includes\class-wc-ajax.php(462): WC_Checkout->process_checkout()
#3 W:\domains\wordpress\wp-includes\class-wp-hook.php(286): WC_AJAX::checkout('')
#4 W:\domains\wordpress\wp-includes\class-wp-hook.php(310): WP_Hook->apply_filters('', Array)
#5 W:\domains\wordpress\wp-includes\plugin.php(465): WP_Hook->do_action(Array)
#6 W:\domains\wordpress\wp-content\plugins\woocommerce\includes\class-wc-ajax.php(87): do_action('wc_ajax_checkou...')
#7 W:\domains\wordpress\wp-includes\class-wp-hook.php(286): WC_AJAX::do_wc_ajax('')
#8 W:\do в W:\domains\wordpress\wp-content\plugins\Tarlan Payments\tarlan-pay.php на строке 135

2019-09-27T11:16:29+00:00 CRITICAL Uncaught Error: Call to undefined function callback() in W:\domains\wordpress\wp-content\plugins\Tarlan Payments\tarlan-pay.php:135
Stack trace:
#0 W:\domains\wordpress\wp-content\plugins\woocommerce\includes\class-wc-checkout.php(924): WC_Tarlan_Payments_Gateway->process_payment(281)
#1 W:\domains\wordpress\wp-content\plugins\woocommerce\includes\class-wc-checkout.php(1124): WC_Checkout->process_order_payment(281, 'tarlan_payments')
#2 W:\domains\wordpress\wp-content\plugins\woocommerce\includes\class-wc-ajax.php(462): WC_Checkout->process_checkout()
#3 W:\domains\wordpress\wp-includes\class-wp-hook.php(286): WC_AJAX::checkout('')
#4 W:\domains\wordpress\wp-includes\class-wp-hook.php(310): WP_Hook->apply_filters('', Array)
#5 W:\domains\wordpress\wp-includes\plugin.php(465): WP_Hook->do_action(Array)
#6 W:\domains\wordpress\wp-content\plugins\woocommerce\includes\class-wc-ajax.php(87): do_action('wc_ajax_checkou...')
#7 W:\domains\wordpress\wp-includes\class-wp-hook.php(286): WC_AJAX::do_wc_ajax('')
#8 W:\do в W:\domains\wordpress\wp-content\plugins\Tarlan Payments\tarlan-pay.php на строке 135

2019-09-27T11:17:04+00:00 CRITICAL Uncaught Error: Call to undefined function callback() in W:\domains\wordpress\wp-content\plugins\Tarlan Payments\tarlan-pay.php:135
Stack trace:
#0 W:\domains\wordpress\wp-content\plugins\woocommerce\includes\class-wc-checkout.php(924): WC_Tarlan_Payments_Gateway->process_payment(281)
#1 W:\domains\wordpress\wp-content\plugins\woocommerce\includes\class-wc-checkout.php(1124): WC_Checkout->process_order_payment(281, 'tarlan_payments')
#2 W:\domains\wordpress\wp-content\plugins\woocommerce\includes\class-wc-ajax.php(462): WC_Checkout->process_checkout()
#3 W:\domains\wordpress\wp-includes\class-wp-hook.php(286): WC_AJAX::checkout('')
#4 W:\domains\wordpress\wp-includes\class-wp-hook.php(310): WP_Hook->apply_filters('', Array)
#5 W:\domains\wordpress\wp-includes\plugin.php(465): WP_Hook->do_action(Array)
#6 W:\domains\wordpress\wp-content\plugins\woocommerce\includes\class-wc-ajax.php(87): do_action('wc_ajax_checkou...')
#7 W:\domains\wordpress\wp-includes\class-wp-hook.php(286): WC_AJAX::do_wc_ajax('')
#8 W:\do в W:\domains\wordpress\wp-content\plugins\Tarlan Payments\tarlan-pay.php на строке 135

2019-09-27T11:31:11+00:00 CRITICAL syntax error, unexpected ',' в W:\domains\wordpress\wp-content\plugins\Tarlan Payments\tarlan-pay.php на строке 180

2019-09-27T11:33:48+00:00 CRITICAL syntax error, unexpected ',' в W:\domains\wordpress\wp-content\plugins\Tarlan Payments\tarlan-pay.php на строке 180

2019-09-27T11:35:25+00:00 CRITICAL Uncaught Error: Call to undefined function callback() in W:\domains\wordpress\wp-content\plugins\Tarlan Payments\tarlan-pay.php:135
Stack trace:
#0 W:\domains\wordpress\wp-content\plugins\woocommerce\includes\class-wc-checkout.php(924): WC_Tarlan_Payments_Gateway->process_payment(282)
#1 W:\domains\wordpress\wp-content\plugins\woocommerce\includes\class-wc-checkout.php(1124): WC_Checkout->process_order_payment(282, 'tarlan_payments')
#2 W:\domains\wordpress\wp-content\plugins\woocommerce\includes\class-wc-ajax.php(462): WC_Checkout->process_checkout()
#3 W:\domains\wordpress\wp-includes\class-wp-hook.php(286): WC_AJAX::checkout('')
#4 W:\domains\wordpress\wp-includes\class-wp-hook.php(310): WP_Hook->apply_filters('', Array)
#5 W:\domains\wordpress\wp-includes\plugin.php(465): WP_Hook->do_action(Array)
#6 W:\domains\wordpress\wp-content\plugins\woocommerce\includes\class-wc-ajax.php(87): do_action('wc_ajax_checkou...')
#7 W:\domains\wordpress\wp-includes\class-wp-hook.php(286): WC_AJAX::do_wc_ajax('')
#8 W:\do в W:\domains\wordpress\wp-content\plugins\Tarlan Payments\tarlan-pay.php на строке 135

2019-09-27T11:38:15+00:00 CRITICAL Uncaught Error: Call to a member function link() on null in W:\domains\wordpress\wp-content\plugins\Tarlan Payments\tarlan-pay.php:135
Stack trace:
#0 W:\domains\wordpress\wp-content\plugins\woocommerce\includes\class-wc-checkout.php(924): WC_Tarlan_Payments_Gateway->process_payment(282)
#1 W:\domains\wordpress\wp-content\plugins\woocommerce\includes\class-wc-checkout.php(1124): WC_Checkout->process_order_payment(282, 'tarlan_payments')
#2 W:\domains\wordpress\wp-content\plugins\woocommerce\includes\class-wc-ajax.php(462): WC_Checkout->process_checkout()
#3 W:\domains\wordpress\wp-includes\class-wp-hook.php(286): WC_AJAX::checkout('')
#4 W:\domains\wordpress\wp-includes\class-wp-hook.php(310): WP_Hook->apply_filters('', Array)
#5 W:\domains\wordpress\wp-includes\plugin.php(465): WP_Hook->do_action(Array)
#6 W:\domains\wordpress\wp-content\plugins\woocommerce\includes\class-wc-ajax.php(87): do_action('wc_ajax_checkou...')
#7 W:\domains\wordpress\wp-includes\class-wp-hook.php(286): WC_AJAX::do_wc_ajax('')
#8 W: в W:\domains\wordpress\wp-content\plugins\Tarlan Payments\tarlan-pay.php на строке 135

2019-09-27T11:38:51+00:00 CRITICAL Uncaught Error: Call to a member function link() on null in W:\domains\wordpress\wp-content\plugins\Tarlan Payments\tarlan-pay.php:135
Stack trace:
#0 W:\domains\wordpress\wp-content\plugins\woocommerce\includes\class-wc-checkout.php(924): WC_Tarlan_Payments_Gateway->process_payment(282)
#1 W:\domains\wordpress\wp-content\plugins\woocommerce\includes\class-wc-checkout.php(1124): WC_Checkout->process_order_payment(282, 'tarlan_payments')
#2 W:\domains\wordpress\wp-content\plugins\woocommerce\includes\class-wc-ajax.php(462): WC_Checkout->process_checkout()
#3 W:\domains\wordpress\wp-includes\class-wp-hook.php(286): WC_AJAX::checkout('')
#4 W:\domains\wordpress\wp-includes\class-wp-hook.php(310): WP_Hook->apply_filters('', Array)
#5 W:\domains\wordpress\wp-includes\plugin.php(465): WP_Hook->do_action(Array)
#6 W:\domains\wordpress\wp-content\plugins\woocommerce\includes\class-wc-ajax.php(87): do_action('wc_ajax_checkou...')
#7 W:\domains\wordpress\wp-includes\class-wp-hook.php(286): WC_AJAX::do_wc_ajax('')
#8 W: в W:\domains\wordpress\wp-content\plugins\Tarlan Payments\tarlan-pay.php на строке 135

2019-09-27T11:39:05+00:00 CRITICAL Uncaught Error: Call to a member function link() on null in W:\domains\wordpress\wp-content\plugins\Tarlan Payments\tarlan-pay.php:135
Stack trace:
#0 W:\domains\wordpress\wp-content\plugins\woocommerce\includes\class-wc-checkout.php(924): WC_Tarlan_Payments_Gateway->process_payment(282)
#1 W:\domains\wordpress\wp-content\plugins\woocommerce\includes\class-wc-checkout.php(1124): WC_Checkout->process_order_payment(282, 'tarlan_payments')
#2 W:\domains\wordpress\wp-content\plugins\woocommerce\includes\class-wc-ajax.php(462): WC_Checkout->process_checkout()
#3 W:\domains\wordpress\wp-includes\class-wp-hook.php(286): WC_AJAX::checkout('')
#4 W:\domains\wordpress\wp-includes\class-wp-hook.php(310): WP_Hook->apply_filters('', Array)
#5 W:\domains\wordpress\wp-includes\plugin.php(465): WP_Hook->do_action(Array)
#6 W:\domains\wordpress\wp-content\plugins\woocommerce\includes\class-wc-ajax.php(87): do_action('wc_ajax_checkou...')
#7 W:\domains\wordpress\wp-includes\class-wp-hook.php(286): WC_AJAX::do_wc_ajax('')
#8 W: в W:\domains\wordpress\wp-content\plugins\Tarlan Payments\tarlan-pay.php на строке 135

2019-09-27T12:50:36+00:00 CRITICAL Uncaught Error: Call to undefined function callback() in W:\domains\wordpress\wp-content\plugins\Tarlan Payments\tarlan-pay.php:136
Stack trace:
#0 W:\domains\wordpress\wp-content\plugins\woocommerce\includes\class-wc-checkout.php(924): WC_Tarlan_Payments_Gateway->process_payment(283)
#1 W:\domains\wordpress\wp-content\plugins\woocommerce\includes\class-wc-checkout.php(1124): WC_Checkout->process_order_payment(283, 'tarlan_payments')
#2 W:\domains\wordpress\wp-content\plugins\woocommerce\includes\class-wc-ajax.php(462): WC_Checkout->process_checkout()
#3 W:\domains\wordpress\wp-includes\class-wp-hook.php(286): WC_AJAX::checkout('')
#4 W:\domains\wordpress\wp-includes\class-wp-hook.php(310): WP_Hook->apply_filters('', Array)
#5 W:\domains\wordpress\wp-includes\plugin.php(465): WP_Hook->do_action(Array)
#6 W:\domains\wordpress\wp-content\plugins\woocommerce\includes\class-wc-ajax.php(87): do_action('wc_ajax_checkou...')
#7 W:\domains\wordpress\wp-includes\class-wp-hook.php(286): WC_AJAX::do_wc_ajax('')
#8 W:\do в W:\domains\wordpress\wp-content\plugins\Tarlan Payments\tarlan-pay.php на строке 136

2019-09-27T12:58:22+00:00 CRITICAL syntax error, unexpected ':', expecting ']' в W:\domains\wordpress\wp-content\plugins\Tarlan Payments\tarlan-pay.php на строке 136

