2019-09-13T05:24:09+00:00 CRITICAL Uncaught ArgumentCountError: Too few arguments to function wpdb::update(), 2 passed in W:\domains\wordpress\wp-content\plugins\Tarlan Payments\tarlan-pay.php on line 137 and at least 3 expected in W:\domains\wordpress\wp-includes\wp-db.php:2214
Stack trace:
#0 W:\domains\wordpress\wp-content\plugins\Tarlan Payments\tarlan-pay.php(137): wpdb->update('table_products', Array)
#1 W:\domains\wordpress\wp-content\plugins\Tarlan Payments\tarlan-pay.php(24): tarlan_change_product()
#2 W:\domains\wordpress\wp-includes\class-wp-hook.php(286): tarlan_options_page('')
#3 W:\domains\wordpress\wp-includes\class-wp-hook.php(310): WP_Hook->apply_filters('', Array)
#4 W:\domains\wordpress\wp-includes\plugin.php(465): WP_Hook->do_action(Array)
#5 W:\domains\wordpress\wp-admin\admin.php(253): do_action('settings_page_t...')
#6 W:\domains\wordpress\wp-admin\options-general.php(10): require_once('W:\\domains\\word...')
#7 {main}
  thrown в W:\domains\wordpress\wp-includes\wp-db.php на строке 2214

2019-09-13T05:54:55+00:00 CRITICAL Uncaught Error: Call to undefined function dd() in W:\domains\wordpress\wp-content\plugins\Tarlan Payments\tarlan-pay.php:148
Stack trace:
#0 W:\domains\wordpress\wp-content\plugins\Tarlan Payments\tarlan-pay.php(24): tarlan_change_product()
#1 W:\domains\wordpress\wp-includes\class-wp-hook.php(286): tarlan_options_page('')
#2 W:\domains\wordpress\wp-includes\class-wp-hook.php(310): WP_Hook->apply_filters('', Array)
#3 W:\domains\wordpress\wp-includes\plugin.php(465): WP_Hook->do_action(Array)
#4 W:\domains\wordpress\wp-admin\admin.php(253): do_action('settings_page_t...')
#5 W:\domains\wordpress\wp-admin\options-general.php(10): require_once('W:\\domains\\word...')
#6 {main}
  thrown в W:\domains\wordpress\wp-content\plugins\Tarlan Payments\tarlan-pay.php на строке 148

2019-09-13T05:57:25+00:00 CRITICAL Uncaught ArgumentCountError: Too few arguments to function wpdb::update(), 2 passed in W:\domains\wordpress\wp-content\plugins\Tarlan Payments\tarlan-pay.php on line 137 and at least 3 expected in W:\domains\wordpress\wp-includes\wp-db.php:2214
Stack trace:
#0 W:\domains\wordpress\wp-content\plugins\Tarlan Payments\tarlan-pay.php(137): wpdb->update('tarlan_products', Array)
#1 W:\domains\wordpress\wp-content\plugins\Tarlan Payments\tarlan-pay.php(24): tarlan_change_product()
#2 W:\domains\wordpress\wp-includes\class-wp-hook.php(286): tarlan_options_page('')
#3 W:\domains\wordpress\wp-includes\class-wp-hook.php(310): WP_Hook->apply_filters('', Array)
#4 W:\domains\wordpress\wp-includes\plugin.php(465): WP_Hook->do_action(Array)
#5 W:\domains\wordpress\wp-admin\admin.php(253): do_action('settings_page_t...')
#6 W:\domains\wordpress\wp-admin\options-general.php(10): require_once('W:\\domains\\word...')
#7 {main}
  thrown в W:\domains\wordpress\wp-includes\wp-db.php на строке 2214

2019-09-13T05:57:56+00:00 CRITICAL Uncaught ArgumentCountError: Too few arguments to function wpdb::update(), 2 passed in W:\domains\wordpress\wp-content\plugins\Tarlan Payments\tarlan-pay.php on line 137 and at least 3 expected in W:\domains\wordpress\wp-includes\wp-db.php:2214
Stack trace:
#0 W:\domains\wordpress\wp-content\plugins\Tarlan Payments\tarlan-pay.php(137): wpdb->update('tarlan_products', Array)
#1 W:\domains\wordpress\wp-content\plugins\Tarlan Payments\tarlan-pay.php(24): tarlan_change_product()
#2 W:\domains\wordpress\wp-includes\class-wp-hook.php(286): tarlan_options_page('')
#3 W:\domains\wordpress\wp-includes\class-wp-hook.php(310): WP_Hook->apply_filters('', Array)
#4 W:\domains\wordpress\wp-includes\plugin.php(465): WP_Hook->do_action(Array)
#5 W:\domains\wordpress\wp-admin\admin.php(253): do_action('settings_page_t...')
#6 W:\domains\wordpress\wp-admin\options-general.php(10): require_once('W:\\domains\\word...')
#7 {main}
  thrown в W:\domains\wordpress\wp-includes\wp-db.php на строке 2214

2019-09-13T05:58:59+00:00 CRITICAL Uncaught ArgumentCountError: Too few arguments to function wpdb::update(), 2 passed in W:\domains\wordpress\wp-content\plugins\Tarlan Payments\tarlan-pay.php on line 135 and at least 3 expected in W:\domains\wordpress\wp-includes\wp-db.php:2214
Stack trace:
#0 W:\domains\wordpress\wp-content\plugins\Tarlan Payments\tarlan-pay.php(135): wpdb->update('tarlan_products', Array)
#1 W:\domains\wordpress\wp-content\plugins\Tarlan Payments\tarlan-pay.php(24): tarlan_change_product()
#2 W:\domains\wordpress\wp-includes\class-wp-hook.php(286): tarlan_options_page('')
#3 W:\domains\wordpress\wp-includes\class-wp-hook.php(310): WP_Hook->apply_filters('', Array)
#4 W:\domains\wordpress\wp-includes\plugin.php(465): WP_Hook->do_action(Array)
#5 W:\domains\wordpress\wp-admin\admin.php(253): do_action('settings_page_t...')
#6 W:\domains\wordpress\wp-admin\options-general.php(10): require_once('W:\\domains\\word...')
#7 {main}
  thrown в W:\domains\wordpress\wp-includes\wp-db.php на строке 2214

2019-09-13T06:10:22+00:00 CRITICAL Uncaught ArgumentCountError: Too few arguments to function wpdb::update(), 2 passed in W:\domains\wordpress\wp-content\plugins\Tarlan Payments\tarlan-pay.php on line 135 and at least 3 expected in W:\domains\wordpress\wp-includes\wp-db.php:2214
Stack trace:
#0 W:\domains\wordpress\wp-content\plugins\Tarlan Payments\tarlan-pay.php(135): wpdb->update('tarlan_products', Array)
#1 W:\domains\wordpress\wp-content\plugins\Tarlan Payments\tarlan-pay.php(24): tarlan_change_product()
#2 W:\domains\wordpress\wp-includes\class-wp-hook.php(286): tarlan_options_page('')
#3 W:\domains\wordpress\wp-includes\class-wp-hook.php(310): WP_Hook->apply_filters('', Array)
#4 W:\domains\wordpress\wp-includes\plugin.php(465): WP_Hook->do_action(Array)
#5 W:\domains\wordpress\wp-admin\admin.php(253): do_action('settings_page_t...')
#6 W:\domains\wordpress\wp-admin\options-general.php(10): require_once('W:\\domains\\word...')
#7 {main}
  thrown в W:\domains\wordpress\wp-includes\wp-db.php на строке 2214

2019-09-13T06:38:26+00:00 CRITICAL Uncaught ArgumentCountError: Too few arguments to function wpdb::update(), 2 passed in W:\domains\wordpress\wp-content\plugins\Tarlan Payments\tarlan-pay.php on line 135 and at least 3 expected in W:\domains\wordpress\wp-includes\wp-db.php:2214
Stack trace:
#0 W:\domains\wordpress\wp-content\plugins\Tarlan Payments\tarlan-pay.php(135): wpdb->update('tarlan_products', Array)
#1 W:\domains\wordpress\wp-content\plugins\Tarlan Payments\tarlan-pay.php(24): tarlan_change_product()
#2 W:\domains\wordpress\wp-includes\class-wp-hook.php(286): tarlan_options_page('')
#3 W:\domains\wordpress\wp-includes\class-wp-hook.php(310): WP_Hook->apply_filters('', Array)
#4 W:\domains\wordpress\wp-includes\plugin.php(465): WP_Hook->do_action(Array)
#5 W:\domains\wordpress\wp-admin\admin.php(253): do_action('settings_page_t...')
#6 W:\domains\wordpress\wp-admin\options-general.php(10): require_once('W:\\domains\\word...')
#7 {main}
  thrown в W:\domains\wordpress\wp-includes\wp-db.php на строке 2214

2019-09-13T08:08:57+00:00 CRITICAL Uncaught ArgumentCountError: Too few arguments to function wpdb::update(), 2 passed in W:\domains\wordpress\wp-content\plugins\Tarlan Payments\tarlan-pay.php on line 135 and at least 3 expected in W:\domains\wordpress\wp-includes\wp-db.php:2214
Stack trace:
#0 W:\domains\wordpress\wp-content\plugins\Tarlan Payments\tarlan-pay.php(135): wpdb->update('tarlan_products', Array)
#1 W:\domains\wordpress\wp-content\plugins\Tarlan Payments\tarlan-pay.php(24): tarlan_change_product()
#2 W:\domains\wordpress\wp-includes\class-wp-hook.php(286): tarlan_options_page('')
#3 W:\domains\wordpress\wp-includes\class-wp-hook.php(310): WP_Hook->apply_filters('', Array)
#4 W:\domains\wordpress\wp-includes\plugin.php(465): WP_Hook->do_action(Array)
#5 W:\domains\wordpress\wp-admin\admin.php(253): do_action('settings_page_t...')
#6 W:\domains\wordpress\wp-admin\options-general.php(10): require_once('W:\\domains\\word...')
#7 {main}
  thrown в W:\domains\wordpress\wp-includes\wp-db.php на строке 2214

2019-09-13T08:09:39+00:00 CRITICAL Uncaught ArgumentCountError: Too few arguments to function wpdb::update(), 2 passed in W:\domains\wordpress\wp-content\plugins\Tarlan Payments\tarlan-pay.php on line 135 and at least 3 expected in W:\domains\wordpress\wp-includes\wp-db.php:2214
Stack trace:
#0 W:\domains\wordpress\wp-content\plugins\Tarlan Payments\tarlan-pay.php(135): wpdb->update('tarlan_products', Array)
#1 W:\domains\wordpress\wp-content\plugins\Tarlan Payments\tarlan-pay.php(24): tarlan_change_product()
#2 W:\domains\wordpress\wp-includes\class-wp-hook.php(286): tarlan_options_page('')
#3 W:\domains\wordpress\wp-includes\class-wp-hook.php(310): WP_Hook->apply_filters('', Array)
#4 W:\domains\wordpress\wp-includes\plugin.php(465): WP_Hook->do_action(Array)
#5 W:\domains\wordpress\wp-admin\admin.php(253): do_action('settings_page_t...')
#6 W:\domains\wordpress\wp-admin\options-general.php(10): require_once('W:\\domains\\word...')
#7 {main}
  thrown в W:\domains\wordpress\wp-includes\wp-db.php на строке 2214

2019-09-13T08:09:47+00:00 CRITICAL Uncaught ArgumentCountError: Too few arguments to function wpdb::update(), 2 passed in W:\domains\wordpress\wp-content\plugins\Tarlan Payments\tarlan-pay.php on line 135 and at least 3 expected in W:\domains\wordpress\wp-includes\wp-db.php:2214
Stack trace:
#0 W:\domains\wordpress\wp-content\plugins\Tarlan Payments\tarlan-pay.php(135): wpdb->update('tarlan_products', Array)
#1 W:\domains\wordpress\wp-content\plugins\Tarlan Payments\tarlan-pay.php(24): tarlan_change_product()
#2 W:\domains\wordpress\wp-includes\class-wp-hook.php(286): tarlan_options_page('')
#3 W:\domains\wordpress\wp-includes\class-wp-hook.php(310): WP_Hook->apply_filters('', Array)
#4 W:\domains\wordpress\wp-includes\plugin.php(465): WP_Hook->do_action(Array)
#5 W:\domains\wordpress\wp-admin\admin.php(253): do_action('settings_page_t...')
#6 W:\domains\wordpress\wp-admin\options-general.php(10): require_once('W:\\domains\\word...')
#7 {main}
  thrown в W:\domains\wordpress\wp-includes\wp-db.php на строке 2214

