2019-10-01T04:52:01+00:00 CRITICAL syntax error, unexpected '}', expecting ';' в W:\domains\wordpress\wp-content\plugins\Tarlan Payments\tarlan-pay.php на строке 195

2019-10-01T04:57:46+00:00 CRITICAL syntax error, unexpected '}', expecting ';' в W:\domains\wordpress\wp-content\plugins\Tarlan Payments\tarlan-pay.php на строке 195

2019-10-01T04:58:44+00:00 CRITICAL syntax error, unexpected '}', expecting ';' в W:\domains\wordpress\wp-content\plugins\Tarlan Payments\tarlan-pay.php на строке 195

2019-10-01T05:10:13+00:00 CRITICAL syntax error, unexpected '618' (T_LNUMBER), expecting function (T_FUNCTION) or const (T_CONST) в W:\domains\wordpress\wp-content\plugins\Tarlan Payments\tarlan-pay.php на строке 194

2019-10-01T05:10:21+00:00 CRITICAL syntax error, unexpected '618' (T_LNUMBER), expecting function (T_FUNCTION) or const (T_CONST) в W:\domains\wordpress\wp-content\plugins\Tarlan Payments\tarlan-pay.php на строке 194

2019-10-01T05:10:30+00:00 CRITICAL syntax error, unexpected '618' (T_LNUMBER), expecting function (T_FUNCTION) or const (T_CONST) в W:\domains\wordpress\wp-content\plugins\Tarlan Payments\tarlan-pay.php на строке 194

2019-10-01T05:10:34+00:00 CRITICAL syntax error, unexpected '618' (T_LNUMBER), expecting function (T_FUNCTION) or const (T_CONST) в W:\domains\wordpress\wp-content\plugins\Tarlan Payments\tarlan-pay.php на строке 194

2019-10-01T05:10:38+00:00 CRITICAL syntax error, unexpected '618' (T_LNUMBER), expecting function (T_FUNCTION) or const (T_CONST) в W:\domains\wordpress\wp-content\plugins\Tarlan Payments\tarlan-pay.php на строке 194

2019-10-01T05:10:49+00:00 CRITICAL syntax error, unexpected '618' (T_LNUMBER), expecting function (T_FUNCTION) or const (T_CONST) в W:\domains\wordpress\wp-content\plugins\Tarlan Payments\tarlan-pay.php на строке 194

2019-10-01T05:10:57+00:00 CRITICAL syntax error, unexpected '618' (T_LNUMBER), expecting function (T_FUNCTION) or const (T_CONST) в W:\domains\wordpress\wp-content\plugins\Tarlan Payments\tarlan-pay.php на строке 194

2019-10-01T05:11:09+00:00 CRITICAL syntax error, unexpected '618' (T_LNUMBER), expecting function (T_FUNCTION) or const (T_CONST) в W:\domains\wordpress\wp-content\plugins\Tarlan Payments\tarlan-pay.php на строке 194

2019-10-01T05:11:15+00:00 CRITICAL syntax error, unexpected '618' (T_LNUMBER), expecting function (T_FUNCTION) or const (T_CONST) в W:\domains\wordpress\wp-content\plugins\Tarlan Payments\tarlan-pay.php на строке 194

2019-10-01T05:12:02+00:00 CRITICAL syntax error, unexpected '618' (T_LNUMBER), expecting function (T_FUNCTION) or const (T_CONST) в W:\domains\wordpress\wp-content\plugins\Tarlan Payments\tarlan-pay.php на строке 194

2019-10-01T05:12:15+00:00 CRITICAL syntax error, unexpected '618' (T_LNUMBER), expecting function (T_FUNCTION) or const (T_CONST) в W:\domains\wordpress\wp-content\plugins\Tarlan Payments\tarlan-pay.php на строке 194

2019-10-01T05:35:12+00:00 CRITICAL syntax error, unexpected 'public' (T_PUBLIC), expecting end of file в W:\domains\wordpress\wp-content\plugins\Tarlan Payments\tarlan-pay.php на строке 190

2019-10-01T05:35:12+00:00 CRITICAL syntax error, unexpected 'public' (T_PUBLIC), expecting end of file в W:\domains\wordpress\wp-content\plugins\Tarlan Payments\tarlan-pay.php на строке 190

2019-10-01T05:35:16+00:00 CRITICAL syntax error, unexpected 'public' (T_PUBLIC), expecting end of file в W:\domains\wordpress\wp-content\plugins\Tarlan Payments\tarlan-pay.php на строке 190

2019-10-01T05:57:35+00:00 CRITICAL syntax error, unexpected '{', expecting '(' в W:\domains\wordpress\wp-content\plugins\Tarlan Payments\tarlan-pay.php на строке 175

2019-10-01T05:57:49+00:00 CRITICAL syntax error, unexpected '{', expecting '(' в W:\domains\wordpress\wp-content\plugins\Tarlan Payments\tarlan-pay.php на строке 175

2019-10-01T05:58:05+00:00 CRITICAL syntax error, unexpected 'do_action' (T_STRING), expecting function (T_FUNCTION) or const (T_CONST) в W:\domains\wordpress\wp-content\plugins\Tarlan Payments\tarlan-pay.php на строке 191

2019-10-01T06:08:07+00:00 CRITICAL Uncaught Error: Call to undefined method WC_Tarlan_Payments_Gateway::rest_api_init() in W:\domains\wordpress\wp-content\plugins\Tarlan Payments\tarlan-pay.php:176
Stack trace:
#0 W:\domains\wordpress\wp-includes\class-wp-hook.php(286): WC_Tarlan_Payments_Gateway->callback('')
#1 W:\domains\wordpress\wp-includes\class-wp-hook.php(310): WP_Hook->apply_filters('', Array)
#2 W:\domains\wordpress\wp-includes\plugin.php(465): WP_Hook->do_action(Array)
#3 W:\domains\wordpress\wp-content\plugins\woocommerce\includes\class-wc-api.php(148): do_action('woocommerce_api...')
#4 W:\domains\wordpress\wp-includes\class-wp-hook.php(286): WC_API->handle_api_requests(Object(WP))
#5 W:\domains\wordpress\wp-includes\class-wp-hook.php(310): WP_Hook->apply_filters(NULL, Array)
#6 W:\domains\wordpress\wp-includes\plugin.php(531): WP_Hook->do_action(Array)
#7 W:\domains\wordpress\wp-includes\class-wp.php(387): do_action_ref_array('parse_request', Array)
#8 W:\domains\wordpress\wp-includes\class-wp.php(737): WP->parse_request('')
#9 W в W:\domains\wordpress\wp-content\plugins\Tarlan Payments\tarlan-pay.php на строке 176

2019-10-01T08:57:35+00:00 CRITICAL syntax error, unexpected ')' в W:\domains\wordpress\wp-content\plugins\Tarlan Payments\tarlan-pay.php на строке 190

2019-10-01T08:57:52+00:00 CRITICAL syntax error, unexpected ')' в W:\domains\wordpress\wp-content\plugins\Tarlan Payments\tarlan-pay.php на строке 190

2019-10-01T09:05:29+00:00 CRITICAL Uncaught Error: Cannot use object of type WC_Order as array in W:\domains\wordpress\wp-content\plugins\Tarlan Payments\tarlan-pay.php:185
Stack trace:
#0 W:\domains\wordpress\wp-includes\class-wp-hook.php(286): WC_Tarlan_Payments_Gateway->callback('')
#1 W:\domains\wordpress\wp-includes\class-wp-hook.php(310): WP_Hook->apply_filters('', Array)
#2 W:\domains\wordpress\wp-includes\plugin.php(465): WP_Hook->do_action(Array)
#3 W:\domains\wordpress\wp-content\plugins\woocommerce\includes\class-wc-api.php(148): do_action('woocommerce_api...')
#4 W:\domains\wordpress\wp-includes\class-wp-hook.php(286): WC_API->handle_api_requests(Object(WP))
#5 W:\domains\wordpress\wp-includes\class-wp-hook.php(310): WP_Hook->apply_filters(NULL, Array)
#6 W:\domains\wordpress\wp-includes\plugin.php(531): WP_Hook->do_action(Array)
#7 W:\domains\wordpress\wp-includes\class-wp.php(387): do_action_ref_array('parse_request', Array)
#8 W:\domains\wordpress\wp-includes\class-wp.php(737): WP->parse_request('')
#9 W:\domains\wordpress\wp-in в W:\domains\wordpress\wp-content\plugins\Tarlan Payments\tarlan-pay.php на строке 185

2019-10-01T09:06:09+00:00 CRITICAL Uncaught Error: Call to undefined method WC_Tarlan_Payments_Gateway::update_status() in W:\domains\wordpress\wp-content\plugins\Tarlan Payments\tarlan-pay.php:185
Stack trace:
#0 W:\domains\wordpress\wp-includes\class-wp-hook.php(286): WC_Tarlan_Payments_Gateway->callback('')
#1 W:\domains\wordpress\wp-includes\class-wp-hook.php(310): WP_Hook->apply_filters('', Array)
#2 W:\domains\wordpress\wp-includes\plugin.php(465): WP_Hook->do_action(Array)
#3 W:\domains\wordpress\wp-content\plugins\woocommerce\includes\class-wc-api.php(148): do_action('woocommerce_api...')
#4 W:\domains\wordpress\wp-includes\class-wp-hook.php(286): WC_API->handle_api_requests(Object(WP))
#5 W:\domains\wordpress\wp-includes\class-wp-hook.php(310): WP_Hook->apply_filters(NULL, Array)
#6 W:\domains\wordpress\wp-includes\plugin.php(531): WP_Hook->do_action(Array)
#7 W:\domains\wordpress\wp-includes\class-wp.php(387): do_action_ref_array('parse_request', Array)
#8 W:\domains\wordpress\wp-includes\class-wp.php(737): WP->parse_request('')
#9 W в W:\domains\wordpress\wp-content\plugins\Tarlan Payments\tarlan-pay.php на строке 185

2019-10-01T09:06:37+00:00 CRITICAL Uncaught Error: Call to undefined method WC_Tarlan_Payments_Gateway::update_status() in W:\domains\wordpress\wp-content\plugins\Tarlan Payments\tarlan-pay.php:185
Stack trace:
#0 W:\domains\wordpress\wp-includes\class-wp-hook.php(286): WC_Tarlan_Payments_Gateway->callback('')
#1 W:\domains\wordpress\wp-includes\class-wp-hook.php(310): WP_Hook->apply_filters('', Array)
#2 W:\domains\wordpress\wp-includes\plugin.php(465): WP_Hook->do_action(Array)
#3 W:\domains\wordpress\wp-content\plugins\woocommerce\includes\class-wc-api.php(148): do_action('woocommerce_api...')
#4 W:\domains\wordpress\wp-includes\class-wp-hook.php(286): WC_API->handle_api_requests(Object(WP))
#5 W:\domains\wordpress\wp-includes\class-wp-hook.php(310): WP_Hook->apply_filters(NULL, Array)
#6 W:\domains\wordpress\wp-includes\plugin.php(531): WP_Hook->do_action(Array)
#7 W:\domains\wordpress\wp-includes\class-wp.php(387): do_action_ref_array('parse_request', Array)
#8 W:\domains\wordpress\wp-includes\class-wp.php(737): WP->parse_request('')
#9 W в W:\domains\wordpress\wp-content\plugins\Tarlan Payments\tarlan-pay.php на строке 185

2019-10-01T09:12:27+00:00 CRITICAL syntax error, unexpected ';', expecting ',' or ')' в W:\domains\wordpress\wp-content\plugins\Tarlan Payments\tarlan-pay.php на строке 184

2019-10-01T09:12:46+00:00 CRITICAL Uncaught Error: Call to undefined method WC_Tarlan_Payments_Gateway::order_status() in W:\domains\wordpress\wp-content\plugins\Tarlan Payments\tarlan-pay.php:184
Stack trace:
#0 W:\domains\wordpress\wp-includes\class-wp-hook.php(286): WC_Tarlan_Payments_Gateway->callback('')
#1 W:\domains\wordpress\wp-includes\class-wp-hook.php(310): WP_Hook->apply_filters('', Array)
#2 W:\domains\wordpress\wp-includes\plugin.php(465): WP_Hook->do_action(Array)
#3 W:\domains\wordpress\wp-content\plugins\woocommerce\includes\class-wc-api.php(148): do_action('woocommerce_api...')
#4 W:\domains\wordpress\wp-includes\class-wp-hook.php(286): WC_API->handle_api_requests(Object(WP))
#5 W:\domains\wordpress\wp-includes\class-wp-hook.php(310): WP_Hook->apply_filters(NULL, Array)
#6 W:\domains\wordpress\wp-includes\plugin.php(531): WP_Hook->do_action(Array)
#7 W:\domains\wordpress\wp-includes\class-wp.php(387): do_action_ref_array('parse_request', Array)
#8 W:\domains\wordpress\wp-includes\class-wp.php(737): WP->parse_request('')
#9 W: в W:\domains\wordpress\wp-content\plugins\Tarlan Payments\tarlan-pay.php на строке 184

2019-10-01T11:20:22+00:00 CRITICAL syntax error, unexpected '}' в W:\domains\wordpress\wp-content\plugins\Tarlan Payments\tarlan-pay.php на строке 232

2019-10-01T11:22:22+00:00 CRITICAL syntax error, unexpected '}' в W:\domains\wordpress\wp-content\plugins\Tarlan Payments\tarlan-pay.php на строке 232

2019-10-01T11:38:06+00:00 CRITICAL syntax error, unexpected '=>' (T_DOUBLE_ARROW), expecting ',' or ')' в W:\domains\wordpress\wp-content\plugins\Tarlan Payments\tarlan-pay.php на строке 232

2019-10-01T11:38:06+00:00 CRITICAL syntax error, unexpected '=>' (T_DOUBLE_ARROW), expecting ',' or ')' в W:\domains\wordpress\wp-content\plugins\Tarlan Payments\tarlan-pay.php на строке 232

2019-10-01T11:38:38+00:00 CRITICAL syntax error, unexpected '=>' (T_DOUBLE_ARROW), expecting ',' or ')' в W:\domains\wordpress\wp-content\plugins\Tarlan Payments\tarlan-pay.php на строке 232

2019-10-01T11:39:02+00:00 CRITICAL syntax error, unexpected '=>' (T_DOUBLE_ARROW), expecting ',' or ')' в W:\domains\wordpress\wp-content\plugins\Tarlan Payments\tarlan-pay.php на строке 232

2019-10-01T11:39:09+00:00 CRITICAL syntax error, unexpected '10' (T_LNUMBER), expecting identifier (T_STRING) or variable (T_VARIABLE) or '{' or '$' в W:\domains\wordpress\wp-content\plugins\Tarlan Payments\tarlan-pay.php на строке 232

