2019-09-09T10:03:02+00:00 CRITICAL Class 'Controller' not found в W:\domains\wordpress\wp-content\plugins\Tarlan Payments\tarlan-pay.php на строке 5

2019-09-09T10:03:04+00:00 CRITICAL Class 'Controller' not found в W:\domains\wordpress\wp-content\plugins\Tarlan Payments\tarlan-pay.php на строке 5

2019-09-09T10:03:04+00:00 CRITICAL Class 'Controller' not found в W:\domains\wordpress\wp-content\plugins\Tarlan Payments\tarlan-pay.php на строке 5

2019-09-09T10:04:37+00:00 CRITICAL syntax error, unexpected '-', expecting '{' в W:\domains\wordpress\wp-content\plugins\Tarlan Payments\tarlan-pay.php на строке 5

2019-09-09T10:04:39+00:00 CRITICAL syntax error, unexpected '-', expecting '{' в W:\domains\wordpress\wp-content\plugins\Tarlan Payments\tarlan-pay.php на строке 5

2019-09-09T10:04:39+00:00 CRITICAL syntax error, unexpected '-', expecting '{' в W:\domains\wordpress\wp-content\plugins\Tarlan Payments\tarlan-pay.php на строке 5

2019-09-09T10:05:38+00:00 CRITICAL Class 'Controller' not found в W:\domains\wordpress\wp-content\plugins\Tarlan Payments\tarlan-pay.php на строке 5

2019-09-09T10:05:40+00:00 CRITICAL Class 'Controller' not found в W:\domains\wordpress\wp-content\plugins\Tarlan Payments\tarlan-pay.php на строке 5

2019-09-09T10:05:40+00:00 CRITICAL Class 'Controller' not found в W:\domains\wordpress\wp-content\plugins\Tarlan Payments\tarlan-pay.php на строке 5

2019-09-09T10:06:41+00:00 CRITICAL Class 'Content' not found в W:\domains\wordpress\wp-content\plugins\Tarlan Payments\tarlan-pay.php на строке 5

2019-09-09T10:06:43+00:00 CRITICAL Class 'Content' not found в W:\domains\wordpress\wp-content\plugins\Tarlan Payments\tarlan-pay.php на строке 5

2019-09-09T10:06:43+00:00 CRITICAL Class 'Content' not found в W:\domains\wordpress\wp-content\plugins\Tarlan Payments\tarlan-pay.php на строке 5

2019-09-09T10:13:24+00:00 CRITICAL syntax error, unexpected '-', expecting '{' в W:\domains\wordpress\wp-content\plugins\Tarlan Payments\tarlan-pay.php на строке 5

2019-09-09T10:13:26+00:00 CRITICAL syntax error, unexpected '-', expecting '{' в W:\domains\wordpress\wp-content\plugins\Tarlan Payments\tarlan-pay.php на строке 5

2019-09-09T10:13:27+00:00 CRITICAL syntax error, unexpected '-', expecting '{' в W:\domains\wordpress\wp-content\plugins\Tarlan Payments\tarlan-pay.php на строке 5

2019-09-09T10:14:52+00:00 CRITICAL Class WpcontentPluginsTarlanPayments may not inherit from final class (WooCommerce) в W:\domains\wordpress\wp-content\plugins\Tarlan Payments\tarlan-pay.php на строке 196

2019-09-09T10:14:54+00:00 CRITICAL Class WpcontentPluginsTarlanPayments may not inherit from final class (WooCommerce) в W:\domains\wordpress\wp-content\plugins\Tarlan Payments\tarlan-pay.php на строке 196

2019-09-09T10:14:55+00:00 CRITICAL Class WpcontentPluginsTarlanPayments may not inherit from final class (WooCommerce) в W:\domains\wordpress\wp-content\plugins\Tarlan Payments\tarlan-pay.php на строке 196

2019-09-09T10:15:36+00:00 CRITICAL Class 'Plugins' not found в W:\domains\wordpress\wp-content\plugins\Tarlan Payments\tarlan-pay.php на строке 5

2019-09-09T10:15:38+00:00 CRITICAL Class 'Plugins' not found в W:\domains\wordpress\wp-content\plugins\Tarlan Payments\tarlan-pay.php на строке 5

2019-09-09T10:15:38+00:00 CRITICAL Class 'Plugins' not found в W:\domains\wordpress\wp-content\plugins\Tarlan Payments\tarlan-pay.php на строке 5

